Removed Pin From Net: NetName=NetC3_2 Pin=R1-2
Removed Pin From Net: NetName=NetC3_2 Pin=R5-1
Removed Member From Class: ClassName=452006252#进气模块电路板1 Member=MARK1
Removed Member From Class: ClassName=452006252#进气模块电路板1 Member=MARK2
Removed Member From Class: ClassName=452006252#进气模块电路板1 Member=MARK3
Removed Member From Class: ClassName=452006252#进气模块电路板1 Member=MARK4
Removed Member From Class: ClassName=452006252#进气模块电路板1 Member=PE1
Removed Member From Class: ClassName=452006252#进气模块电路板1 Member=PE2
Removed Member From Class: ClassName=452006252#进气模块电路板1 Member=PE3
Removed Member From Class: ClassName=452006252#进气模块电路板1 Member=PE4
Removed Member From Class: ClassName=接口 Member=R1
Removed Member From Class: ClassName=接口 Member=R5
Removed Member From Class: ClassName=接口 Member=T1
Removed Member From Class: ClassName=接口 Member=T2
Change Footprint: Footprint Not Found R-0805
Change Footprint: Footprint Not Found SOT23-6
Change Footprint: Footprint Not Found BT
Change Footprint: Footprint Not Found DIPTP
Change Component Comment : Designator=T1 Old Comment=直插测试点 New Comment=POWER_TEST
Change component parameters: Designator = "T1" ("T1"); Footprint = "TP-SIP-1-Small"; UniqueID = "\HXBRNMYQ" ("\HXBRNMYQ")
Added Component: Designator=C17(C-0805)
Added Component: Designator=C18(C-0603)
Add component (AddParameter): Name = "制造商"; Value = "三星"; VariantName = "[No Variations]"
Add component (AddParameter): Name = "名称"; Value = "贴片瓷介电容100nF±5%,0805"; VariantName = "[No Variations]"
Add component (AddParameter): Name = "版本"; Value = "V1.00"; VariantName = "[No Variations]"
Add component (AddParameter): Name = "物料编号"; Value = "210001894"; VariantName = "[No Variations]"
Add component (AddParameter): Name = "详细描述"; Value = "X7R,50V,三星CL21B104JBCNNNC"; VariantName = "[No Variations]"
Added Component: Designator=C19(C-0805)
Added Component: Designator=C20(C-0603)
Add component (AddParameter): Name = "制造商"; Value = "三星"; VariantName = "[No Variations]"
Add component (AddParameter): Name = "名称"; Value = "贴片瓷介电容100nF±5%,0805"; VariantName = "[No Variations]"
Add component (AddParameter): Name = "版本"; Value = "V1.00"; VariantName = "[No Variations]"
Add component (AddParameter): Name = "物料编号"; Value = "210001894"; VariantName = "[No Variations]"
Add component (AddParameter): Name = "详细描述"; Value = "X7R,50V,三星CL21B104JBCNNNC"; VariantName = "[No Variations]"
Added Component: Designator=C21(C-0805)
Added Component: Designator=C22(C-0603)
Add component (AddParameter): Name = "制造商"; Value = "三星"; VariantName = "[No Variations]"
Add component (AddParameter): Name = "名称"; Value = "贴片瓷介电容100nF±5%,0805"; VariantName = "[No Variations]"
Add component (AddParameter): Name = "版本"; Value = "V1.00"; VariantName = "[No Variations]"
Add component (AddParameter): Name = "物料编号"; Value = "210001894"; VariantName = "[No Variations]"
Add component (AddParameter): Name = "详细描述"; Value = "X7R,50V,三星CL21B104JBCNNNC"; VariantName = "[No Variations]"
Add Component: Footprint Not Found DO-214AA/SMB
Add Component: Footprint Not Found R-0805
Add Component: Footprint Not Found R-0805
Add Component: Footprint Not Found R-0805
Add Component: Footprint Not Found SOT223
Added Pin To Net: NetName=GND Pin=C17-1
Added Pin To Net: NetName=GND Pin=C18-1
Added Pin To Net: NetName=GND Pin=C19-1
Added Pin To Net: NetName=+5V Pin=C19-2
Added Pin To Net: NetName=GND Pin=C20-1
Added Pin To Net: NetName=+5V Pin=C20-2
Added Pin To Net: NetName=GND Pin=C21-1
Added Pin To Net: NetName=+5V Pin=C21-2
Added Pin To Net: NetName=GND Pin=C22-1
Added Pin To Net: NetName=+5V Pin=C22-2
Add Pin To Net: Unknown Pin: Pin D2-A
Add Pin To Net: Unknown Pin: Pin D2-K
Add Pin To Net: Unknown Pin: Pin FB1-1
Add Pin To Net: Unknown Pin: Pin FB1-2
Add Pin To Net: Unknown Pin: Pin FB2-1
Add Pin To Net: Unknown Pin: Pin FB3-1
Added Pin To Net: NetName=+6.8V Pin=J5-2
Added Pin To Net: NetName=+6.8V Pin=J5-17
Added Pin To Net: NetName=+5VFREF Pin=R13-2
Added Pin To Net: NetName=+5V Pin=T1-1
Add Pin To Net: Unknown Pin: Pin T1-2
Add Pin To Net: Unknown Pin: Pin U4-6
Add Pin To Net: Unknown Pin: Pin U5-1
Add Pin To Net: Unknown Pin: Pin U5-2
Add Pin To Net: Unknown Pin: Pin U5-4
Change Net Name : Old Net Name=+5VFREF New Net Name=+5Vref
Change Net Name : Old Net Name=A_O2SUPPRES New Net Name=O2SupPres
Change Net Name : Old Net Name=B_F_IN New Net Name=F_IN
Change Net Name : Old Net Name=B_T_IN New Net Name=T_IN
Change Net Name : Old Net Name=O2SUPPRES+ New Net Name=NetC9_1
Added Pin To Net: NetName=NetC17_2 Pin=C17-2
Added Pin To Net: NetName=NetC17_2 Pin=C18-2
Added Net: Name=NetC17_2
Change Class Name : Old Net Name=452006252#进气模块电路板1 New Net Name=3100
Change Class Name : Old Net Name=基准 New Net Name=Power&Vref
Change Class Name : Old Net Name=接口 New Net Name=IO
Added Member To Class: ClassName=Power&Vref Member=Component C17 10uF/16V
Added Member To Class: ClassName=Power&Vref Member=Component C18 100nF
Added Member To Class: ClassName=Power&Vref Member=Component C19 10uF/16V
Added Member To Class: ClassName=Power&Vref Member=Component C20 100nF
Added Member To Class: ClassName=Power&Vref Member=Component C21 10uF/16V
Added Member To Class: ClassName=Power&Vref Member=Component C22 100nF
Add Class Member: Failed to add class member : Component D2 SMBJ5.0A
Add Class Member: Failed to add class member : Component FB1 NC
Add Class Member: Failed to add class member : Component FB2 400R100MHz,0.3A,0805
Add Class Member: Failed to add class member : Component FB3 400R100MHz,0.3A,0805
Added Member To Class: ClassName=IO Member=Component MARK1 MARK_POINT
Added Member To Class: ClassName=IO Member=Component MARK2 MARK_POINT
Added Member To Class: ClassName=IO Member=Component MARK3 MARK_POINT
Added Member To Class: ClassName=IO Member=Component MARK4 MARK_POINT
Added Member To Class: ClassName=IO Member=Component PE1
Added Member To Class: ClassName=IO Member=Component PE2
Added Member To Class: ClassName=IO Member=Component PE3
Added Member To Class: ClassName=IO Member=Component PE4
Added Member To Class: ClassName=Power&Vref Member=Component T1 POWER_TEST
Add Class Member: Failed to add class member : Component U5 TLV76150DCYR
