Removed Pin From Net: NetName=GND Pin=C13-1
Removed Pin From Net: NetName=+5V Pin=C13-2
Removed Pin From Net: NetName=GND Pin=C14-1
Removed Pin From Net: NetName=+3.3V Pin=C14-2
Removed Pin From Net: NetName=B_P_O2 Pin=C15-1
Removed Pin From Net: NetName=GND Pin=C15-2
Removed Pin From Net: NetName=+3.3V Pin=C16-1
Removed Pin From Net: NetName=GND Pin=C16-2
Removed Pin From Net: NetName=B_T1 Pin=C17-1
Removed Pin From Net: NetName=GND Pin=C17-2
Removed Pin From Net: NetName=GND Pin=C18-2
Removed Pin From Net: NetName=+5V Pin=C19-1
Removed Pin From Net: NetName=GND Pin=C19-2
Removed Pin From Net: NetName=+5V Pin=C20-1
Removed Pin From Net: NetName=GND Pin=C20-2
Removed Pin From Net: NetName=GND Pin=C21-1
Removed Pin From Net: NetName=+3.3V Pin=C21-2
Removed Pin From Net: NetName=+5V Pin=C22-1
Removed Pin From Net: NetName=GND Pin=C22-2
Removed Pin From Net: NetName=GND Pin=C23-1
Removed Pin From Net: NetName=+5V Pin=C23-2
Removed Pin From Net: NetName=+3.3V Pin=C24-1
Removed Pin From Net: NetName=GND Pin=C24-2
Removed Pin From Net: NetName=NetJ1_1 Pin=J1-1
Removed Pin From Net: NetName=SFM3200_POW Pin=J1-2
Removed Pin From Net: NetName=GND Pin=J1-3
Removed Pin From Net: NetName=NetJ1_4 Pin=J1-4
Removed Pin From Net: NetName=PV2+ Pin=J3-1
Removed Pin From Net: NetName=PV2- Pin=J3-2
Removed Pin From Net: NetName=PV1+ Pin=J4-1
Removed Pin From Net: NetName=PV1- Pin=J4-3
Removed Pin From Net: NetName=+5V Pin=J6-2
Removed Pin From Net: NetName=GND Pin=J6-3
Removed Pin From Net: NetName=SFM3200_POW Pin=Q1-3
Removed Pin From Net: NetName=GND Pin=Q2-2
Removed Pin From Net: NetName=NetJ1_1 Pin=R3-1
Removed Pin From Net: NetName=NetJ1_4 Pin=R10-2
Removed Pin From Net: NetName=GND Pin=R20-1
Removed Pin From Net: NetName=B_P_O2 Pin=R23-2
Removed Pin From Net: NetName=O2SUPPRES+ Pin=R26-2
Removed Pin From Net: NetName=B_T1 Pin=R27-2
Removed Pin From Net: NetName=+3.3V Pin=R29-1
Removed Pin From Net: NetName=+3.3V Pin=R30-1
Removed Pin From Net: NetName=GND Pin=R31-2
Removed Pin From Net: NetName=GND Pin=R34-2
Removed Pin From Net: NetName=GND Pin=SE2-1
Removed Pin From Net: NetName=+5V Pin=SE2-6
Removed Pin From Net: NetName=+5V Pin=SE3-2
Removed Pin From Net: NetName=GND Pin=SE3-5
Removed Pin From Net: NetName=B_P_O2 Pin=T8-1
Removed Pin From Net: NetName=B_T1 Pin=T9-1
Removed Pin From Net: NetName=+5V Pin=U4-5
Removed Pin From Net: NetName=GND Pin=U5-2
Removed Pin From Net: NetName=+3.3V Pin=U5-5
Removed Pin From Net: NetName=GND Pin=U6-1
Removed Pin From Net: NetName=+5V Pin=U6-3
Removed Pin From Net: NetName=+3.3V Pin=U6-4
Removed Member From Class: ClassName=452006252#进气模块电路板1 Member=C13
Removed Member From Class: ClassName=452006252#进气模块电路板1 Member=C14
Removed Member From Class: ClassName=452006252#进气模块电路板1 Member=C15
Removed Member From Class: ClassName=452006252#进气模块电路板1 Member=C16
Removed Member From Class: ClassName=452006252#进气模块电路板1 Member=C17
Removed Member From Class: ClassName=452006252#进气模块电路板1 Member=C18
Removed Member From Class: ClassName=452006252#进气模块电路板1 Member=C19
Removed Member From Class: ClassName=452006252#进气模块电路板1 Member=C20
Removed Member From Class: ClassName=452006252#进气模块电路板1 Member=C21
Removed Member From Class: ClassName=452006252#进气模块电路板1 Member=C22
Removed Member From Class: ClassName=452006252#进气模块电路板1 Member=C23
Removed Member From Class: ClassName=452006252#进气模块电路板1 Member=C24
Removed Member From Class: ClassName=452006252#进气模块电路板1 Member=J1
Removed Member From Class: ClassName=452006252#进气模块电路板1 Member=J3
Removed Member From Class: ClassName=452006252#进气模块电路板1 Member=J4
Removed Member From Class: ClassName=452006252#进气模块电路板1 Member=J5
Removed Member From Class: ClassName=452006252#进气模块电路板1 Member=J6
Removed Member From Class: ClassName=452006252#进气模块电路板1 Member=Q1
Removed Member From Class: ClassName=452006252#进气模块电路板1 Member=Q2
Removed Member From Class: ClassName=452006252#进气模块电路板1 Member=R3
Removed Member From Class: ClassName=452006252#进气模块电路板1 Member=R10
Removed Member From Class: ClassName=452006252#进气模块电路板1 Member=R14
Removed Member From Class: ClassName=452006252#进气模块电路板1 Member=R16
Removed Member From Class: ClassName=452006252#进气模块电路板1 Member=R18
Removed Member From Class: ClassName=452006252#进气模块电路板1 Member=R20
Removed Member From Class: ClassName=452006252#进气模块电路板1 Member=R22
Removed Member From Class: ClassName=452006252#进气模块电路板1 Member=R23
Removed Member From Class: ClassName=452006252#进气模块电路板1 Member=R25
Removed Member From Class: ClassName=452006252#进气模块电路板1 Member=R26
Removed Member From Class: ClassName=452006252#进气模块电路板1 Member=R27
Removed Member From Class: ClassName=452006252#进气模块电路板1 Member=R28
Removed Member From Class: ClassName=452006252#进气模块电路板1 Member=R29
Removed Member From Class: ClassName=452006252#进气模块电路板1 Member=R30
Removed Member From Class: ClassName=452006252#进气模块电路板1 Member=R31
Removed Member From Class: ClassName=452006252#进气模块电路板1 Member=R32
Removed Member From Class: ClassName=452006252#进气模块电路板1 Member=R33
Removed Member From Class: ClassName=452006252#进气模块电路板1 Member=R34
Removed Member From Class: ClassName=452006252#进气模块电路板1 Member=SE2
Removed Member From Class: ClassName=452006252#进气模块电路板1 Member=SE3
Removed Member From Class: ClassName=452006252#进气模块电路板1 Member=T7
Removed Member From Class: ClassName=452006252#进气模块电路板1 Member=T8
Removed Member From Class: ClassName=452006252#进气模块电路板1 Member=T9
Removed Member From Class: ClassName=452006252#进气模块电路板1 Member=U4
Removed Member From Class: ClassName=452006252#进气模块电路板1 Member=U5
Removed Member From Class: ClassName=452006252#进气模块电路板1 Member=U6
Change Component Footprint: Designator=C13 Old Footprint=C-0603 New Footprint=C-0805
Change Component Footprint: Designator=C15 Old Footprint=C-0603 New Footprint=C-0805
Change Footprint: Footprint Not Found R-0805
Change Footprint: Footprint Not Found SOT23-6
Change Footprint: Footprint Not Found DIPTP
Change Component Comment : Designator=R3 Old Comment=51 New Comment=330R
Change Component Comment : Designator=C13 Old Comment=100nF New Comment=10uF/16V
Change Component Comment : Designator=C15 Old Comment=100nF New Comment=10uF/16V
Change Component Comment : Designator=Q1 Old Comment=AO3415 New Comment=BC807-40
Change Component Comment : Designator=U4 Old Comment=TLV333IDBVR New Comment=REF3450
Change component parameters: Designator = "C1" ("C1"); Footprint = "C-0603"; UniqueID = "\QCIIIHWQ" ("\QCIIIHWQ")
Change component parameters (AddParameter): Name = "厂家"; Value = ""; VariantName = "[No Variations]"
Change component parameters (AddParameter): Name = "物料名称"; Value = ""; VariantName = "[No Variations]"
Change component parameters (AddParameter): Name = "物料编号"; Value = ""; VariantName = "[No Variations]"
Change component parameters (AddParameter): Name = "详细描述"; Value = ""; VariantName = "[No Variations]"
Change component parameters: Designator = "C2" ("C2"); Footprint = "C-0603"; UniqueID = "\PBKOMCVB" ("\PBKOMCVB")
Change component parameters (AddParameter): Name = "厂家"; Value = ""; VariantName = "[No Variations]"
Change component parameters (AddParameter): Name = "物料名称"; Value = ""; VariantName = "[No Variations]"
Change component parameters (AddParameter): Name = "物料编号"; Value = ""; VariantName = "[No Variations]"
Change component parameters (AddParameter): Name = "详细描述"; Value = ""; VariantName = "[No Variations]"
Change component parameters: Designator = "C3" ("C3"); Footprint = "C-0805"; UniqueID = "\EVOCAIEL" ("\EVOCAIEL")
Change component parameters (AddParameter): Name = "制造商"; Value = "三星"; VariantName = "[No Variations]"
Change component parameters (AddParameter): Name = "名称"; Value = "贴片瓷介电容10uF±10%,1210"; VariantName = "[No Variations]"
Change component parameters (AddParameter): Name = "版本"; Value = "V1.00"; VariantName = "[No Variations]"
Change component parameters (AddParameter): Name = "物料编号"; Value = "210003341"; VariantName = "[No Variations]"
Change component parameters (AddParameter): Name = "详细描述"; Value = "X7R,50V, 三星CL32B106KBJNNNC"; VariantName = "[No Variations]"
Change component parameters: Designator = "C4" ("C4"); Footprint = "C-0603"; UniqueID = "\IWTWFJBO" ("\IWTWFJBO")
Change component parameters (AddParameter): Name = "制造商"; Value = "三星"; VariantName = "[No Variations]"
Change component parameters (AddParameter): Name = "名称"; Value = "贴片瓷介电容100nF±5%/50V"; VariantName = "[No Variations]"
Change component parameters (AddParameter): Name = "版本"; Value = "V1.00"; VariantName = "[No Variations]"
Change component parameters (AddParameter): Name = "物料编号"; Value = ""; VariantName = "[No Variations]"
Change component parameters (AddParameter): Name = "详细描述"; Value = "三星,CL10B104JB8NNNC,0603,X7R,"; VariantName = "[No Variations]"
Change component parameters: Designator = "C5" ("C5"); Footprint = "C-0603"; UniqueID = "\IMUHEVIP" ("\IMUHEVIP")
Change component parameters (AddParameter): Name = "制造商"; Value = "三星"; VariantName = "[No Variations]"
Change component parameters (AddParameter): Name = "名称"; Value = "贴片瓷介电容100nF±5%/50V"; VariantName = "[No Variations]"
Change component parameters (AddParameter): Name = "版本"; Value = "V1.00"; VariantName = "[No Variations]"
Change component parameters (AddParameter): Name = "物料编号"; Value = ""; VariantName = "[No Variations]"
Change component parameters (AddParameter): Name = "详细描述"; Value = "三星,CL10B104JB8NNNC,0603,X7R,"; VariantName = "[No Variations]"
Change component parameters: Designator = "C6" ("C6"); Footprint = "C-0603"; UniqueID = "\CMIPBKBW" ("\CMIPBKBW")
Change component parameters (AddParameter): Name = "制造商"; Value = "三星"; VariantName = "[No Variations]"
Change component parameters (AddParameter): Name = "名称"; Value = "贴片瓷介电容100nF±5%,0805"; VariantName = "[No Variations]"
Change component parameters (AddParameter): Name = "版本"; Value = "V1.00"; VariantName = "[No Variations]"
Change component parameters (AddParameter): Name = "物料编号"; Value = "210001894"; VariantName = "[No Variations]"
Change component parameters (AddParameter): Name = "详细描述"; Value = "X7R,50V,三星CL21B104JBCNNNC"; VariantName = "[No Variations]"
Change component parameters: Designator = "C7" ("C7"); Footprint = "C-0603"; UniqueID = "\FTLIJJYV" ("\FTLIJJYV")
Change component parameters (AddParameter): Name = "制造商"; Value = "三星"; VariantName = "[No Variations]"
Change component parameters (AddParameter): Name = "名称"; Value = "贴片瓷介电容100nF±5%/50V"; VariantName = "[No Variations]"
Change component parameters (AddParameter): Name = "版本"; Value = "V1.00"; VariantName = "[No Variations]"
Change component parameters (AddParameter): Name = "物料编号"; Value = ""; VariantName = "[No Variations]"
Change component parameters (AddParameter): Name = "详细描述"; Value = "三星,CL10B104JB8NNNC,0603,X7R,"; VariantName = "[No Variations]"
Change component parameters: Designator = "C8" ("C8"); Footprint = "C-0603"; UniqueID = "\VXORMTOU" ("\VXORMTOU")
Change component parameters (AddParameter): Name = "厂家"; Value = ""; VariantName = "[No Variations]"
Change component parameters (AddParameter): Name = "物料名称"; Value = ""; VariantName = "[No Variations]"
Change component parameters (AddParameter): Name = "物料编号"; Value = ""; VariantName = "[No Variations]"
Change component parameters (AddParameter): Name = "详细描述"; Value = ""; VariantName = "[No Variations]"
Change component parameters: Designator = "C9" ("C9"); Footprint = "C-0603"; UniqueID = "\VKESUAHS" ("\VKESUAHS")
Change component parameters (AddParameter): Name = "制造商"; Value = "三星"; VariantName = "[No Variations]"
Change component parameters (AddParameter): Name = "名称"; Value = "贴片瓷介电容100nF±5%/50V"; VariantName = "[No Variations]"
Change component parameters (AddParameter): Name = "版本"; Value = "V1.00"; VariantName = "[No Variations]"
Change component parameters (AddParameter): Name = "物料编号"; Value = ""; VariantName = "[No Variations]"
Change component parameters (AddParameter): Name = "详细描述"; Value = "三星,CL10B104JB8NNNC,0603,X7R,"; VariantName = "[No Variations]"
Change component parameters: Designator = "C10" ("C10"); Footprint = "C-0603"; UniqueID = "\SUUDEVGT" ("\SUUDEVGT")
Change component parameters (AddParameter): Name = "制造商"; Value = "三星"; VariantName = "[No Variations]"
Change component parameters (AddParameter): Name = "名称"; Value = "贴片瓷介电容100nF±5%/50V"; VariantName = "[No Variations]"
Change component parameters (AddParameter): Name = "版本"; Value = "V1.00"; VariantName = "[No Variations]"
Change component parameters (AddParameter): Name = "物料编号"; Value = ""; VariantName = "[No Variations]"
Change component parameters (AddParameter): Name = "详细描述"; Value = "三星,CL10B104JB8NNNC,0603,X7R,"; VariantName = "[No Variations]"
Change component parameters: Designator = "C11" ("C11"); Footprint = "C-0603"; UniqueID = "\SNMWYXQJ" ("\SNMWYXQJ")
Change component parameters (AddParameter): Name = "制造商"; Value = "三星"; VariantName = "[No Variations]"
Change component parameters (AddParameter): Name = "名称"; Value = "贴片瓷介电容100nF±5%/50V"; VariantName = "[No Variations]"
Change component parameters (AddParameter): Name = "版本"; Value = "V1.00"; VariantName = "[No Variations]"
Change component parameters (AddParameter): Name = "物料编号"; Value = ""; VariantName = "[No Variations]"
Change component parameters (AddParameter): Name = "详细描述"; Value = "三星,CL10B104JB8NNNC,0603,X7R,"; VariantName = "[No Variations]"
Change component parameters: Designator = "C12" ("C12"); Footprint = "C-0603"; UniqueID = "\TVORMLEB" ("\TVORMLEB")
Change component parameters (AddParameter): Name = "制造商"; Value = "三星"; VariantName = "[No Variations]"
Change component parameters (AddParameter): Name = "名称"; Value = "贴片瓷介电容100nF±5%/50V"; VariantName = "[No Variations]"
Change component parameters (AddParameter): Name = "版本"; Value = "V1.00"; VariantName = "[No Variations]"
Change component parameters (AddParameter): Name = "物料编号"; Value = ""; VariantName = "[No Variations]"
Change component parameters (AddParameter): Name = "详细描述"; Value = "三星,CL10B104JB8NNNC,0603,X7R,"; VariantName = "[No Variations]"
Change component parameters: Designator = "C13" ("C13"); Footprint = "C-0603"; UniqueID = "\NACOAFPB" ("\NACOAFPB")
Change component parameters (AddParameter): Name = "制造商"; Value = "三星"; VariantName = "[No Variations]"
Change component parameters (AddParameter): Name = "名称"; Value = "贴片瓷介电容100nF±5%,0805"; VariantName = "[No Variations]"
Change component parameters (AddParameter): Name = "版本"; Value = "V1.00"; VariantName = "[No Variations]"
Change component parameters (AddParameter): Name = "物料编号"; Value = "210001894"; VariantName = "[No Variations]"
Change component parameters (AddParameter): Name = "详细描述"; Value = "X7R,50V,三星CL21B104JBCNNNC"; VariantName = "[No Variations]"
Change component parameters: Designator = "C15" ("C15"); Footprint = "C-0603"; UniqueID = "\EQVEMPCL" ("\EQVEMPCL")
Change component parameters (AddParameter): Name = "制造商"; Value = "三星"; VariantName = "[No Variations]"
Change component parameters (AddParameter): Name = "名称"; Value = "贴片瓷介电容100nF±5%,0805"; VariantName = "[No Variations]"
Change component parameters (AddParameter): Name = "版本"; Value = "V1.00"; VariantName = "[No Variations]"
Change component parameters (AddParameter): Name = "物料编号"; Value = "210001894"; VariantName = "[No Variations]"
Change component parameters (AddParameter): Name = "详细描述"; Value = "X7R,50V,三星CL21B104JBCNNNC"; VariantName = "[No Variations]"
Change component parameters: Designator = "J2" ("J2"); Footprint = "878311041"; UniqueID = "\IKBNAIWQ" ("\IKBNAIWQ")
Change component parameters (AddParameter): Name = "LatestRevisionDate"; Value = "17-Jul-2002"; VariantName = "[No Variations]"
Change component parameters (AddParameter): Name = "LatestRevisionNote"; Value = "Re-released for DXP Platform."; VariantName = "[No Variations]"
Change component parameters (AddParameter): Name = "Publisher"; Value = "Altium Limited"; VariantName = "[No Variations]"
Change component parameters: Designator = "Q1" ("Q1"); Footprint = "SOT23-3"; UniqueID = "\IIYPDFWM" ("\IIYPDFWM")
Change component parameters (AddParameter): Name = "制造商"; Value = ""; VariantName = "[No Variations]"
Change component parameters (AddParameter): Name = "名称"; Value = ""; VariantName = "[No Variations]"
Change component parameters (AddParameter): Name = "版本"; Value = "V1.00"; VariantName = "[No Variations]"
Change component parameters (AddParameter): Name = "物料编号"; Value = ""; VariantName = "[No Variations]"
Change component parameters (AddParameter): Name = "详细描述"; Value = ""; VariantName = "[No Variations]"
Change component parameters: Designator = "R1" ("R1"); Footprint = "R-0603"; UniqueID = "\CCSBACME" ("\CCSBACME")
Change component parameters (AddParameter): Name = "制造商"; Value = "国巨"; VariantName = "[No Variations]"
Change component parameters (AddParameter): Name = "名称"; Value = "贴片电阻10K±1%"; VariantName = "[No Variations]"
Change component parameters (AddParameter): Name = "版本"; Value = "V1.00"; VariantName = "[No Variations]"
Change component parameters (AddParameter): Name = "物料编号"; Value = "210001830"; VariantName = "[No Variations]"
Change component parameters (AddParameter): Name = "详细描述"; Value = "0805,1/8W,国巨RC0805FR-0710K"; VariantName = "[No Variations]"
Change component parameters: Designator = "R2" ("R2"); Footprint = "R-0603"; UniqueID = "\AOPMAYLM" ("\AOPMAYLM")
Change component parameters (AddParameter): Name = "制造商"; Value = "国巨"; VariantName = "[No Variations]"
Change component parameters (AddParameter): Name = "名称"; Value = "贴片电阻100R±1%"; VariantName = "[No Variations]"
Change component parameters (AddParameter): Name = "版本"; Value = "V1.00"; VariantName = "[No Variations]"
Change component parameters (AddParameter): Name = "物料编号"; Value = ""; VariantName = "[No Variations]"
Change component parameters (AddParameter): Name = "详细描述"; Value = "国巨RC0603FR-07100RL,0603,1/10W,"; VariantName = "[No Variations]"
Change component parameters: Designator = "R3" ("R3"); Footprint = "R-0603"; UniqueID = "\AYXDDNXN" ("\AYXDDNXN")
Change component parameters (AddParameter): Name = "制造商"; Value = "国巨"; VariantName = "[No Variations]"
Change component parameters (AddParameter): Name = "名称"; Value = "贴片电阻100±1%"; VariantName = "[No Variations]"
Change component parameters (AddParameter): Name = "版本"; Value = "V1.00"; VariantName = "[No Variations]"
Change component parameters (AddParameter): Name = "物料编号"; Value = "210000765"; VariantName = "[No Variations]"
Change component parameters (AddParameter): Name = "详细描述"; Value = "0805,1/8W,国巨RC0805FR-07100R"; VariantName = "[No Variations]"
Change component parameters: Designator = "R4" ("R4"); Footprint = "R-0603"; UniqueID = "\QEQTOIGK" ("\QEQTOIGK")
Change component parameters (AddParameter): Name = "制造商"; Value = "国巨"; VariantName = "[No Variations]"
Change component parameters (AddParameter): Name = "名称"; Value = "贴片电阻100R±1%"; VariantName = "[No Variations]"
Change component parameters (AddParameter): Name = "版本"; Value = "V1.00"; VariantName = "[No Variations]"
Change component parameters (AddParameter): Name = "物料编号"; Value = ""; VariantName = "[No Variations]"
Change component parameters (AddParameter): Name = "详细描述"; Value = "国巨RC0603FR-07100RL,0603,1/10W,"; VariantName = "[No Variations]"
Change component parameters: Designator = "R5" ("R5"); Footprint = "R-0603"; UniqueID = "\JWQGPPKV" ("\JWQGPPKV")
Change component parameters (AddParameter): Name = "制造商"; Value = "国巨"; VariantName = "[No Variations]"
Change component parameters (AddParameter): Name = "名称"; Value = "贴片电阻10K±1%"; VariantName = "[No Variations]"
Change component parameters (AddParameter): Name = "版本"; Value = "V1.00"; VariantName = "[No Variations]"
Change component parameters (AddParameter): Name = "物料编号"; Value = "210001830"; VariantName = "[No Variations]"
Change component parameters (AddParameter): Name = "详细描述"; Value = "0805,1/8W,国巨RC0805FR-0710K"; VariantName = "[No Variations]"
Change component parameters: Designator = "R6" ("R6"); Footprint = "R-0603"; UniqueID = "\PPFUFTEV" ("\PPFUFTEV")
Change component parameters (AddParameter): Name = "制造商"; Value = "国巨"; VariantName = "[No Variations]"
Change component parameters (AddParameter): Name = "名称"; Value = "贴片电阻100R±1%"; VariantName = "[No Variations]"
Change component parameters (AddParameter): Name = "版本"; Value = "V1.00"; VariantName = "[No Variations]"
Change component parameters (AddParameter): Name = "物料编号"; Value = ""; VariantName = "[No Variations]"
Change component parameters (AddParameter): Name = "详细描述"; Value = "国巨RC0603FR-07100RL,0603,1/10W,"; VariantName = "[No Variations]"
Change component parameters: Designator = "R7" ("R7"); Footprint = "R-0603"; UniqueID = "\LHNNICDR" ("\LHNNICDR")
Change component parameters (AddParameter): Name = "制造商"; Value = "国巨"; VariantName = "[No Variations]"
Change component parameters (AddParameter): Name = "名称"; Value = "贴片电阻10K±1%"; VariantName = "[No Variations]"
Change component parameters (AddParameter): Name = "版本"; Value = "V1.00"; VariantName = "[No Variations]"
Change component parameters (AddParameter): Name = "物料编号"; Value = "210001830"; VariantName = "[No Variations]"
Change component parameters (AddParameter): Name = "详细描述"; Value = "0805,1/8W,国巨RC0805FR-0710K"; VariantName = "[No Variations]"
Change component parameters: Designator = "R8" ("R8"); Footprint = "R-0603"; UniqueID = "\GIMPYQOJ" ("\GIMPYQOJ")
Change component parameters (AddParameter): Name = "制造商"; Value = "国巨"; VariantName = "[No Variations]"
Change component parameters (AddParameter): Name = "名称"; Value = "贴片电阻1K±1%"; VariantName = "[No Variations]"
Change component parameters (AddParameter): Name = "版本"; Value = "V1.00"; VariantName = "[No Variations]"
Change component parameters (AddParameter): Name = "物料编号"; Value = "210001832"; VariantName = "[No Variations]"
Change component parameters (AddParameter): Name = "详细描述"; Value = "0805,1/8W,国巨RC0805FR-071K"; VariantName = "[No Variations]"
Change component parameters: Designator = "R9" ("R9"); Footprint = "R-0603"; UniqueID = "\FPXGHYPW" ("\FPXGHYPW")
Change component parameters (AddParameter): Name = "制造商"; Value = "国巨"; VariantName = "[No Variations]"
Change component parameters (AddParameter): Name = "名称"; Value = "贴片电阻1K±1%"; VariantName = "[No Variations]"
Change component parameters (AddParameter): Name = "版本"; Value = "V1.00"; VariantName = "[No Variations]"
Change component parameters (AddParameter): Name = "物料编号"; Value = "210001832"; VariantName = "[No Variations]"
Change component parameters (AddParameter): Name = "详细描述"; Value = "0805,1/8W,国巨RC0805FR-071K"; VariantName = "[No Variations]"
Change component parameters: Designator = "R11" ("R11"); Footprint = "R-0603"; UniqueID = "\ORUXNWVH" ("\ORUXNWVH")
Change component parameters (AddParameter): Name = "制造商"; Value = "国巨"; VariantName = "[No Variations]"
Change component parameters (AddParameter): Name = "名称"; Value = "贴片电阻10K±1%"; VariantName = "[No Variations]"
Change component parameters (AddParameter): Name = "版本"; Value = "V1.00"; VariantName = "[No Variations]"
Change component parameters (AddParameter): Name = "物料编号"; Value = "210001830"; VariantName = "[No Variations]"
Change component parameters (AddParameter): Name = "详细描述"; Value = "0805,1/8W,国巨RC0805FR-0710K"; VariantName = "[No Variations]"
Change component parameters: Designator = "R12" ("R12"); Footprint = "R-0603"; UniqueID = "\EPHCCBBQ" ("\EPHCCBBQ")
Change component parameters (AddParameter): Name = "制造商"; Value = "国巨"; VariantName = "[No Variations]"
Change component parameters (AddParameter): Name = "名称"; Value = "贴片电阻100R±1%"; VariantName = "[No Variations]"
Change component parameters (AddParameter): Name = "版本"; Value = "V1.00"; VariantName = "[No Variations]"
Change component parameters (AddParameter): Name = "物料编号"; Value = ""; VariantName = "[No Variations]"
Change component parameters (AddParameter): Name = "详细描述"; Value = "国巨RC0603FR-07100RL,0603,1/10W,"; VariantName = "[No Variations]"
Change component parameters: Designator = "R13" ("R13"); Footprint = "R-0603"; UniqueID = "\YLWQVNOR" ("\YLWQVNOR")
Change component parameters (AddParameter): Name = "制造商"; Value = "国巨"; VariantName = "[No Variations]"
Change component parameters (AddParameter): Name = "名称"; Value = "贴片电阻10K±1%"; VariantName = "[No Variations]"
Change component parameters (AddParameter): Name = "版本"; Value = "V1.00"; VariantName = "[No Variations]"
Change component parameters (AddParameter): Name = "物料编号"; Value = "210001830"; VariantName = "[No Variations]"
Change component parameters (AddParameter): Name = "详细描述"; Value = "0805,1/8W,国巨RC0805FR-0710K"; VariantName = "[No Variations]"
Change component parameters: Designator = "R15" ("R15"); Footprint = "R-0603"; UniqueID = "\AKLLVYAL" ("\AKLLVYAL")
Change component parameters (AddParameter): Name = "制造商"; Value = "国巨"; VariantName = "[No Variations]"
Change component parameters (AddParameter): Name = "名称"; Value = "贴片电阻100R±1%"; VariantName = "[No Variations]"
Change component parameters (AddParameter): Name = "版本"; Value = "V1.00"; VariantName = "[No Variations]"
Change component parameters (AddParameter): Name = "物料编号"; Value = ""; VariantName = "[No Variations]"
Change component parameters (AddParameter): Name = "详细描述"; Value = "国巨RC0603FR-07100RL,0603,1/10W,"; VariantName = "[No Variations]"
Change component parameters: Designator = "R17" ("R17"); Footprint = "R-0603"; UniqueID = "\OGLXMHQG" ("\OGLXMHQG")
Change component parameters (AddParameter): Name = "制造商"; Value = "国巨"; VariantName = "[No Variations]"
Change component parameters (AddParameter): Name = "名称"; Value = "贴片电阻100R±1%"; VariantName = "[No Variations]"
Change component parameters (AddParameter): Name = "版本"; Value = "V1.00"; VariantName = "[No Variations]"
Change component parameters (AddParameter): Name = "物料编号"; Value = ""; VariantName = "[No Variations]"
Change component parameters (AddParameter): Name = "详细描述"; Value = "国巨RC0603FR-07100RL,0603,1/10W,"; VariantName = "[No Variations]"
Change component parameters: Designator = "R19" ("R19"); Footprint = "R-0603"; UniqueID = "\MKCNBOLN" ("\MKCNBOLN")
Change component parameters (AddParameter): Name = "制造商"; Value = "国巨"; VariantName = "[No Variations]"
Change component parameters (AddParameter): Name = "名称"; Value = "贴片电阻1K±1%"; VariantName = "[No Variations]"
Change component parameters (AddParameter): Name = "版本"; Value = "V1.00"; VariantName = "[No Variations]"
Change component parameters (AddParameter): Name = "物料编号"; Value = "210001832"; VariantName = "[No Variations]"
Change component parameters (AddParameter): Name = "详细描述"; Value = "0805,1/8W,国巨RC0805FR-071K"; VariantName = "[No Variations]"
Change component parameters: Designator = "R21" ("R21"); Footprint = "R-0603"; UniqueID = "\NCOALULN" ("\NCOALULN")
Change component parameters (AddParameter): Name = "制造商"; Value = "国巨"; VariantName = "[No Variations]"
Change component parameters (AddParameter): Name = "名称"; Value = "贴片电阻1K±1%"; VariantName = "[No Variations]"
Change component parameters (AddParameter): Name = "版本"; Value = "V1.00"; VariantName = "[No Variations]"
Change component parameters (AddParameter): Name = "物料编号"; Value = "210001832"; VariantName = "[No Variations]"
Change component parameters (AddParameter): Name = "详细描述"; Value = "0805,1/8W,国巨RC0805FR-071K"; VariantName = "[No Variations]"
Change component parameters: Designator = "SE1" ("SE1"); Footprint = "ABPMLN"; UniqueID = "\SGFRSYHC" ("\SGFRSYHC")
Change component parameters (AddParameter): Name = "厂家"; Value = "Honeywell"; VariantName = "[No Variations]"
Change component parameters (AddParameter): Name = "物料名称"; Value = "压力传感器ABPDLNV150PGAA3"; VariantName = "[No Variations]"
Change component parameters: Designator = "T1" ("T1"); Footprint = "TP-SIP-1-Small"; UniqueID = "\WQHCTLJT" ("\WQHCTLJT")
Change component parameters (AddParameter): Name = "名称"; Value = "直插测试点"; VariantName = "[No Variations]"
Change component parameters (AddParameter): Name = "版本"; Value = "V1.00"; VariantName = "[No Variations]"
Change component parameters: Designator = "T2" ("T2"); Footprint = "TP-SIP-1-Small"; UniqueID = "\QJALXHTG" ("\QJALXHTG")
Change component parameters (AddParameter): Name = "名称"; Value = "直插测试点"; VariantName = "[No Variations]"
Change component parameters (AddParameter): Name = "版本"; Value = "V1.00"; VariantName = "[No Variations]"
Change component parameters: Designator = "T3" ("T3"); Footprint = "TP-SIP-1-Small"; UniqueID = "\CNLNVPIX" ("\CNLNVPIX")
Change component parameters (AddParameter): Name = "名称"; Value = "直插测试点"; VariantName = "[No Variations]"
Change component parameters (AddParameter): Name = "版本"; Value = "V1.00"; VariantName = "[No Variations]"
Change component parameters: Designator = "T4" ("T4"); Footprint = "TP-SIP-1-Small"; UniqueID = "\QEMKXXIS" ("\QEMKXXIS")
Change component parameters (AddParameter): Name = "名称"; Value = "直插测试点"; VariantName = "[No Variations]"
Change component parameters (AddParameter): Name = "版本"; Value = "V1.00"; VariantName = "[No Variations]"
Change component parameters: Designator = "T5" ("T5"); Footprint = "TP-SIP-1-Small"; UniqueID = "\YCCPYOMA" ("\YCCPYOMA")
Change component parameters (AddParameter): Name = "名称"; Value = "直插测试点"; VariantName = "[No Variations]"
Change component parameters (AddParameter): Name = "版本"; Value = "V1.00"; VariantName = "[No Variations]"
Change component parameters: Designator = "T6" ("T6"); Footprint = "TP-SIP-1-Small"; UniqueID = "\XTFHAHSY" ("\XTFHAHSY")
Change component parameters (AddParameter): Name = "名称"; Value = "直插测试点"; VariantName = "[No Variations]"
Change component parameters (AddParameter): Name = "版本"; Value = "V1.00"; VariantName = "[No Variations]"
Change component parameters: Designator = "T7" ("T7"); Footprint = "TP-SIP-1-Small"; UniqueID = "\TNVCETOK" ("\TNVCETOK")
Change component parameters (AddParameter): Name = "名称"; Value = "直插测试点"; VariantName = "[No Variations]"
Change component parameters (AddParameter): Name = "版本"; Value = "V1.00"; VariantName = "[No Variations]"
Added Component: Designator=D1(sot23-3)
Add Component: Footprint Not Found R-0805
Added Pin To Net: NetName=GND Pin=C13-2
Added Pin To Net: NetName=GND Pin=C14-2
Added Pin To Net: NetName=GND Pin=C15-1
Added Pin To Net: NetName=GND Pin=C16-1
Added Pin To Net: NetName=GND Pin=D1-3
Added Pin To Net: NetName=SFM3200_POW Pin=R11-1
Added Pin To Net: NetName=SFM3200_POW Pin=R13-1
Added Pin To Net: NetName=GND Pin=U4-1
Change Net Name : Old Net Name=NetJ1_1 New Net Name=NetJ2_5
Change Net Name : Old Net Name=NetJ1_4 New Net Name=NetJ2_6
Change Net Name : Old Net Name=SFM3200_POW New Net Name=NetC3_2
Added Pin To Net: NetName=+5VFREF Pin=D1-2
Added Pin To Net: NetName=+5VFREF Pin=T7-1
Added Pin To Net: NetName=+5VFREF Pin=U4-5
Added Net: Name=+5VFREF
Added Pin To Net: NetName=+6.8V Pin=Q1-2
Added Pin To Net: NetName=+6.8V Pin=R3-2
Added Net: Name=+6.8V
Added Pin To Net: NetName=NetC13_1 Pin=C13-1
Added Pin To Net: NetName=NetC13_1 Pin=C14-1
Added Pin To Net: NetName=NetC13_1 Pin=D1-1
Added Pin To Net: NetName=NetC13_1 Pin=Q1-3
Added Net: Name=NetC13_1
Added Pin To Net: NetName=NetC15_2 Pin=C15-2
Added Pin To Net: NetName=NetC15_2 Pin=C16-2
Added Pin To Net: NetName=NetC15_2 Pin=Q1-1
Added Pin To Net: NetName=NetC15_2 Pin=R3-1
Added Pin To Net: NetName=NetC15_2 Pin=U4-3
Added Pin To Net: NetName=NetC15_2 Pin=U4-4
Added Net: Name=NetC15_2
Added Class: Name=基准
Added Class: Name=接口
